<?xml version="1.0" encoding="UTF-8"?>
<!-- Generated by org.testng.reporters.JUnitReportReporter -->
<testsuite hostname="L-156141652" failures="0" tests="2" name="TestSctipts.BaseSuiteFile" time="31.173" errors="0" timestamp="22 Oct 2018 03:44:51 GMT" skipped="1">
  <testcase classname="TestSctipts.BaseSuiteFile" name="TC01_UserLogin" time="31.173"/>
  <testcase classname="TestSctipts.BaseSuiteFile" name="TC02_ManagerLogin">
    <skipped/>
  </testcase> <!-- TC02_ManagerLogin -->
</testsuite> <!-- TestSctipts.BaseSuiteFile -->
