<?xml version="1.0" encoding="UTF-8"?>
<!-- Generated by org.testng.reporters.JUnitReportReporter -->
<testsuite hostname="L-156141652" failures="0" tests="16" name="TestScripts.BaseSuiteFile" time="58.158" errors="0" timestamp="22 Jan 2019 10:47:32 GMT" skipped="15">
  <testcase classname="TestScripts.BaseSuiteFile" name="TC15_CiscoDemoTwo" time="58.158"/>
  <testcase classname="TestScripts.BaseSuiteFile" name="TC13_GetNextWork">
    <skipped/>
  </testcase> <!-- TC13_GetNextWork -->
  <testcase classname="TestScripts.BaseSuiteFile" name="TC08_WorkFlowCSV">
    <skipped/>
  </testcase> <!-- TC08_WorkFlowCSV -->
  <testcase classname="TestScripts.BaseSuiteFile" name="TC01_UserLogin">
    <skipped/>
  </testcase> <!-- TC01_UserLogin -->
  <testcase classname="TestScripts.BaseSuiteFile" name="TC05_RoleBasedSecurity">
    <skipped/>
  </testcase> <!-- TC05_RoleBasedSecurity -->
  <testcase classname="TestScripts.BaseSuiteFile" name="TC14_CiscoDemo">
    <skipped/>
  </testcase> <!-- TC14_CiscoDemo -->
  <testcase classname="TestScripts.BaseSuiteFile" name="TC03_NewUserE2EFlow">
    <skipped/>
  </testcase> <!-- TC03_NewUserE2EFlow -->
  <testcase classname="TestScripts.BaseSuiteFile" name="TC09_WorkFlowSSV">
    <skipped/>
  </testcase> <!-- TC09_WorkFlowSSV -->
  <testcase classname="TestScripts.BaseSuiteFile" name="TC06_BusinessRulesAndDecisioning">
    <skipped/>
  </testcase> <!-- TC06_BusinessRulesAndDecisioning -->
  <testcase classname="TestScripts.BaseSuiteFile" name="TC02_ManagerLogin">
    <skipped/>
  </testcase> <!-- TC02_ManagerLogin -->
  <testcase classname="TestScripts.BaseSuiteFile" name="TC07_Reporting">
    <skipped/>
  </testcase> <!-- TC07_Reporting -->
  <testcase classname="TestScripts.BaseSuiteFile" name="TC10_validateSLA">
    <skipped/>
  </testcase> <!-- TC10_validateSLA -->
  <testcase classname="TestScripts.BaseSuiteFile" name="TC04_LoginWithDiffUsers">
    <skipped/>
  </testcase> <!-- TC04_LoginWithDiffUsers -->
  <testcase classname="TestScripts.BaseSuiteFile" name="TC04_Test">
    <skipped/>
  </testcase> <!-- TC04_Test -->
  <testcase classname="TestScripts.BaseSuiteFile" name="TC11_E2EFlowInMultiBrowsers">
    <skipped/>
  </testcase> <!-- TC11_E2EFlowInMultiBrowsers -->
  <testcase classname="TestScripts.BaseSuiteFile" name="TC12_SkillBasedRouting">
    <skipped/>
  </testcase> <!-- TC12_SkillBasedRouting -->
</testsuite> <!-- TestScripts.BaseSuiteFile -->
